"../../../Engine/Content/Functions/Engine_MaterialFunctions01/Opacity/CameraDepthFade.uasset" 0
"../../../Engine/Content/EngineMaterials/T_Default_Material_Grid_M.uasset" 1
"../../../Engine/Content/EngineMaterials/T_Default_Material_Grid_N.uasset" 2
"../../../Engine/Content/EngineMaterials/WorldGridMaterial.uasset" 3
"../../../Engine/Content/ArtTools/RenderToTexture/Meshes/S_1_Unit_Plane.uasset" 4
"../../../Engine/Content/EngineMaterials/DefaultMaterial.uasset" 5
"../../../Engine/Content/BasicShapes/Cone.uasset" 6
"../../../Engine/Content/BasicShapes/Cylinder.uasset" 7
"../../../Engine/Content/BasicShapes/Plane.uasset" 8
"../../../Engine/Content/BasicShapes/Sphere.uasset" 9
"../../../Engine/Content/EngineMaterials/DefaultPhysicalMaterial.uasset" 10
"../../../Engine/Content/BufferVisualization/AmbientOcclusion.uasset" 11
"../../../Engine/Content/BufferVisualization/BaseColor.uasset" 12
"../../../Engine/Content/BufferVisualization/CustomDepth.uasset" 13
"../../../Engine/Content/Functions/Engine_MaterialFunctions02/Utility/VectorLength.uasset" 14
"../../../Engine/Content/BufferVisualization/CustomDepthWorldUnits.uasset" 15
"../../../Engine/Content/Functions/Engine_MaterialFunctions02/Utility/BreakOutFloat2Components.uasset" 16
"../../../Engine/Content/Functions/Engine_MaterialFunctions01/Texturing/ScaleUVsByCenter.uasset" 17
"../../../Engine/Content/Functions/Engine_MaterialFunctions02/ScreenResolution.uasset" 18
"../../../Engine/Content/Functions/Engine_MaterialFunctions02/Texturing/ScreenAlignedUVs.uasset" 19
"../../../Engine/Content/Functions/Engine_MaterialFunctions02/Utility/MakeFloat2.uasset" 20
"../../../Engine/Content/Functions/Engine_MaterialFunctions02/Utility/MakeFloat3.uasset" 21
"../../../Engine/Content/EngineMaterials/MiniFont.uasset" 22
"../../../Engine/Content/BufferVisualization/CustomStencil.uasset" 23
"../../../Engine/Content/BufferVisualization/FinalImage.uasset" 24
"../../../Engine/Content/BufferVisualization/LightingModel.uasset" 25
"../../../Engine/Content/BufferVisualization/MaterialAO.uasset" 26
"../../../Engine/Content/BufferVisualization/Metallic.uasset" 27
"../../../Engine/Content/BufferVisualization/Opacity.uasset" 28
"../../../Engine/Content/BufferVisualization/PostTonemapHDRColor.uasset" 29
"../../../Engine/Content/BufferVisualization/PreTonemapHDRColor.uasset" 30
"../../../Engine/Content/BufferVisualization/Roughness.uasset" 31
"../../../Engine/Content/BufferVisualization/SceneColor.uasset" 32
"../../../Engine/Content/BufferVisualization/SceneDepth.uasset" 33
"../../../Engine/Content/BufferVisualization/SceneDepthWorldUnits.uasset" 34
"../../../Engine/Content/BufferVisualization/SeparateTranslucencyA.uasset" 35
"../../../Engine/Content/BufferVisualization/SeparateTranslucencyRGB.uasset" 36
"../../../Engine/Content/BufferVisualization/Specular.uasset" 37
"../../../Engine/Content/BufferVisualization/SubsurfaceColor.uasset" 38
"../../../Engine/Content/BufferVisualization/Velocity.uasset" 39
"../../../Engine/Content/BufferVisualization/WorldNormal.uasset" 40
"../../../Engine/Content/EditorBlueprintResources/ActorMacros.uasset" 41
"../../../Engine/Content/EditorLandscapeResources/DataLayer.uasset" 42
"../../../Engine/Content/EditorLandscapeResources/DefaultAlphaTexture.uasset" 43
"../../../Engine/Content/EditorLandscapeResources/LandscapeGizmoHeight_Mat.uasset" 44
"../../../Engine/Content/EditorLandscapeResources/LandscapeGizmo_Mat.uasset" 45
"../../../Engine/Content/EditorLandscapeResources/LandscapeGizmo_Mat_Copied.uasset" 46
"../../../Engine/Content/EditorLandscapeResources/SplineEditorMeshMat.uasset" 47
"../../../Engine/Content/EditorLandscapeResources/SplineEditorMesh.uasset" 48
"../../../Engine/Content/EditorMaterials/Cross.uasset" 49
"../../../Engine/Content/EditorMaterials/Cross_Mat.uasset" 50
"../../../Engine/Content/EngineMaterials/DefaultDiffuse.uasset" 51
"../../../Engine/Content/Functions/Engine_MaterialFunctions01/Texturing/TextureCropping.uasset" 52
"../../../Engine/Content/Functions/Engine_MaterialFunctions01/Texturing/ComputeMipLevel.uasset" 53
"../../../Engine/Content/Functions/Engine_MaterialFunctions02/ExampleContent/DebugNumberStrip.uasset" 54
"../../../Engine/Content/Functions/Engine_MaterialFunctions02/ExampleContent/Textures/DebugNumberPeriod.uasset" 55
"../../../Engine/Content/Functions/Engine_MaterialFunctions02/Utility/DebugScalarValues.uasset" 56
"../../../Engine/Content/Functions/Engine_MaterialFunctions02/Utility/DebugFloat2Values.uasset" 57
"../../../Engine/Content/Functions/Engine_MaterialFunctions02/ExampleContent/Textures/flipbook.uasset" 58
"../../../Engine/Content/Functions/Engine_MaterialFunctions02/Texturing/FlipBook.uasset" 59
"../../../Engine/Content/Functions/Engine_MaterialFunctions02/Utility/Sign.uasset" 60
"../../../Engine/Content/Functions/Engine_MaterialFunctions02/Utility/Round.uasset" 61
"../../../Engine/Content/EditorResources/T_EditorHelp.uasset" 62
"../../../Engine/Content/EditorMaterials/HelpActorMaterial.uasset" 63
"../../../Engine/Content/EditorMaterials/CompositeARGBLayer.uasset" 64
"../../../Engine/Content/EditorMaterials/TilingAALineIntegral.uasset" 65
"../../../Engine/Content/EditorMaterials/TilingAALineBoxFiltered.uasset" 66
"../../../Engine/Content/Functions/Engine_MaterialFunctions03/Procedurals/ComputeFilterWidth.uasset" 67
"../../../Engine/Content/EditorMaterials/TilingAADots.uasset" 68
"../../../Engine/Content/EngineMaterials/BlendFunc_DefBase.uasset" 69
"../../../Engine/Content/EngineMaterials/BlendFunc_DefBlend.uasset" 70
"../../../Engine/Content/Functions/Engine_MaterialFunctions03/Blends/Blend_Screen.uasset" 71
"../../../Engine/Content/EditorMaterials/TilingAAGrid.uasset" 72
"../../../Engine/Content/EditorMaterials/LevelGridMaterial.uasset" 73
"../../../Engine/Content/EditorMaterials/MakeCompositeARGBLayer.uasset" 74
"../../../Engine/Content/EditorResources/LevelGrid1DStripes.uasset" 75
"../../../Engine/Content/EditorMaterials/TextureGridCascaded1D.uasset" 76
"../../../Engine/Content/EditorMaterials/TextureGridCascaded2D.uasset" 77
"../../../Engine/Content/EditorMaterials/LevelGridMaterial2.uasset" 78
"../../../Engine/Content/EditorMaterials/MAT_Groups_Toggle.uasset" 79
"../../../Engine/Content/EditorMaterials/MAT_Groups_Visibility.uasset" 80
"../../../Engine/Content/EditorMaterials/AntialiasedGridFloor.uasset" 81
"../../../Engine/Content/EditorResources/TilePatine_D.uasset" 82
"../../../Engine/Content/EditorResources/TilePatine_N.uasset" 83
"../../../Engine/Content/EngineMaterials/Grid.uasset" 84
"../../../Engine/Content/EditorMaterials/PersonaFloorMat.uasset" 85
"../../../Engine/Content/EditorMaterials/PhAT_BoneSelectedMaterial.uasset" 86
"../../../Engine/Content/EditorMaterials/PhAT_ElemSelectedMaterial.uasset" 87
"../../../Engine/Content/EditorMaterials/PhAT_NoCollisionMaterial.uasset" 88
"../../../Engine/Content/EditorMaterials/PhAT_UnselectedMaterial.uasset" 89
"../../../Engine/Content/EditorMaterials/PreviewShadowIndicator.uasset" 90
"../../../Engine/Content/EditorMaterials/PreviewShadowIndicatorMaterial.uasset" 91
"../../../Engine/Content/EditorMaterials/TargetIcon.uasset" 92
"../../../Engine/Content/EditorMaterials/Tick.uasset" 93
"../../../Engine/Content/EditorMaterials/Tick_Mat.uasset" 94
"../../../Engine/Content/EditorMaterials/WidgetGridVertexColorMaterial.uasset" 95
"../../../Engine/Content/EditorMaterials/WidgetGridVertexColorMaterial_Ma.uasset" 96
"../../../Engine/Content/EditorMaterials/WidgetMaterial.uasset" 97
"../../../Engine/Content/EditorMaterials/WidgetMaterial_Current.uasset" 98
"../../../Engine/Content/EditorMaterials/WidgetMaterial_X.uasset" 99
"../../../Engine/Content/EditorMaterials/WidgetMaterial_Y.uasset" 100
"../../../Engine/Content/EditorMaterials/WidgetMaterial_Z.uasset" 101
"../../../Engine/Content/EditorMaterials/WidgetVertexColorMaterial.uasset" 102
"../../../Engine/Content/EditorMaterials/MatineeGroups/MAT_ColorTrack.uasset" 103
"../../../Engine/Content/EditorMaterials/MatineeGroups/MAT_Groups_Anim.uasset" 104
"../../../Engine/Content/EditorMaterials/MatineeGroups/MAT_Groups_AudioMaster.uasset" 105
"../../../Engine/Content/EditorMaterials/MatineeGroups/MAT_Groups_Director.uasset" 106
"../../../Engine/Content/EditorMaterials/MatineeGroups/MAT_Groups_Event.uasset" 107
"../../../Engine/Content/EditorMaterials/MatineeGroups/MAT_Groups_Fade.uasset" 108
"../../../Engine/Content/EditorMaterials/MatineeGroups/MAT_Groups_Float.uasset" 109
"../../../Engine/Content/EditorMaterials/MatineeGroups/MAT_Groups_Move.uasset" 110
"../../../Engine/Content/EditorMaterials/MatineeGroups/MAT_Groups_Slomo.uasset" 111
"../../../Engine/Content/EditorMaterials/MatineeGroups/MAT_Groups_Sound.uasset" 112
"../../../Engine/Content/EditorMaterials/MatineeGroups/MAT_Groups_Vector.uasset" 113
"../../../Engine/Content/EditorMaterials/ParticleSystems/PSysThumbnail_NoImage.uasset" 114
"../../../Engine/Content/EditorMaterials/ParticleSystems/PSysThumbnail_OOD.uasset" 115
"../../../Engine/Content/EditorMaterials/Thumbnails/FloorPlaneMaterial.uasset" 116
"../../../Engine/Content/EditorMeshes/EditorCube.uasset" 117
"../../../Engine/Content/EditorMeshes/EditorCylinder.uasset" 118
"../../../Engine/Content/EditorMeshes/EditorPlane.uasset" 119
"../../../Engine/Content/EditorMaterials/Thumbnails/SkySphereMaterial.uasset" 120
"../../../Engine/Content/EditorMeshes/EditorSkySphere.uasset" 121
"../../../Engine/Content/EditorMeshes/EditorSphere.uasset" 122
"../../../Engine/Content/EditorResources/MatineeCam_D.uasset" 123
"../../../Engine/Content/EditorMaterials/MatineeCam_mat.uasset" 124
"../../../Engine/Content/EditorMeshes/MatineeCam_SM.uasset" 125
"../../../Engine/Content/Functions/Engine_MaterialFunctions01/Shading/ConvertFromDiffSpec.uasset" 126
"../../../Engine/Content/EditorMaterials/GridMaterial.uasset" 127
"../../../Engine/Content/EditorMeshes/PhAT_FloorBox.uasset" 128
"../../../Engine/Content/EditorMeshes/PlanarReflectionPlane.uasset" 129
"../../../Engine/Content/EditorMaterials/Camera/CineMat.uasset" 130
"../../../Engine/Content/EditorMaterials/Camera/MI_CineMat_CameraBody.uasset" 131
"../../../Engine/Content/EngineDebugMaterials/M_SimpleOpaque.uasset" 132
"../../../Engine/Content/EditorMaterials/Camera/MI_CineMat_CamViewFinder.uasset" 133
"../../../Engine/Content/EditorMeshes/Camera/SM_CineCam.uasset" 134
"../../../Engine/Content/EditorMaterials/Camera/MI_CineMat_Rig.uasset" 135
"../../../Engine/Content/EditorMeshes/Camera/SM_CraneRig_Arm.uasset" 136
"../../../Engine/Content/EditorMeshes/Camera/SM_CraneRig_Base.uasset" 137
"../../../Engine/Content/EditorMeshes/Camera/SM_CraneRig_Body.uasset" 138
"../../../Engine/Content/EditorMeshes/Camera/SM_CraneRig_Mount.uasset" 139
"../../../Engine/Content/EditorMeshes/Camera/SM_RailRig_Mount.uasset" 140
"../../../Engine/Content/EditorMeshes/Camera/SM_RailRig_Track.uasset" 141
"../../../Engine/Content/EditorMeshes/ColorCalibrator/M_ChromeBall.uasset" 142
"../../../Engine/Content/EditorResources/Bad.uasset" 143
"../../../Engine/Content/EditorResources/BSPVertex.uasset" 144
"../../../Engine/Content/EditorResources/EmptyActor.uasset" 145
"../../../Engine/Content/EditorResources/MatInstActSprite.uasset" 146
"../../../Engine/Content/EditorResources/SceneManager.uasset" 147
"../../../Engine/Content/EditorResources/SmallFont.uasset" 148
"../../../Engine/Content/EditorResources/S_Actor.uasset" 149
"../../../Engine/Content/EditorResources/S_CameraShakeSource.uasset" 150
"../../../Engine/Content/EditorResources/S_DecalActorIcon.uasset" 151
"../../../Engine/Content/EditorResources/S_Emitter.uasset" 152
"../../../Engine/Content/EditorResources/S_ExpoHeightFog.uasset" 153
"../../../Engine/Content/EditorResources/S_FTest.uasset" 154
"../../../Engine/Content/EditorResources/S_KBSJoint.uasset" 155
"../../../Engine/Content/EditorResources/S_KHinge.uasset" 156
"../../../Engine/Content/EditorResources/S_KPrismatic.uasset" 157
"../../../Engine/Content/EditorResources/S_LevelSequence.uasset" 158
"../../../Engine/Content/EditorResources/S_NavP.uasset" 159
"../../../Engine/Content/EditorResources/S_Note.uasset" 160
"../../../Engine/Content/EditorResources/S_Player.uasset" 161
"../../../Engine/Content/EditorResources/S_PortalActorIcon2.uasset" 162
"../../../Engine/Content/EditorResources/S_RadForce.uasset" 163
"../../../Engine/Content/EditorResources/S_ReflActorIcon.uasset" 164
"../../../Engine/Content/EditorResources/S_SkyAtmosphere.uasset" 165
"../../../Engine/Content/EditorResources/S_Solver.uasset" 166
"../../../Engine/Content/EditorResources/S_Terrain.uasset" 167
"../../../Engine/Content/EditorResources/S_TextRenderActorIcon.uasset" 168
"../../../Engine/Content/EditorResources/S_Thruster.uasset" 169
"../../../Engine/Content/EditorResources/S_Trigger.uasset" 170
"../../../Engine/Content/EditorResources/S_VectorFieldVol.uasset" 171
"../../../Engine/Content/EditorResources/S_WindDirectional.uasset" 172
"../../../Engine/Content/EditorResources/AI/S_NavLink.uasset" 173
"../../../Engine/Content/EditorResources/LightIcons/SkyLight.uasset" 174
"../../../Engine/Content/EditorResources/LightIcons/S_LightDirectional.uasset" 175
"../../../Engine/Content/EditorResources/LightIcons/S_LightDirectionalMove.uasset" 176
"../../../Engine/Content/EditorResources/LightIcons/S_LightError.uasset" 177
"../../../Engine/Content/EditorResources/LightIcons/S_LightPoint.uasset" 178
"../../../Engine/Content/EditorResources/LightIcons/S_LightPointMove.uasset" 179
"../../../Engine/Content/EditorResources/LightIcons/S_LightSpot.uasset" 180
"../../../Engine/Content/EditorResources/LightIcons/S_LightSpotMove.uasset" 181
"../../../Engine/Content/EditorResources/SequenceRecorder/Countdown.uasset" 182
"../../../Engine/Content/EditorResources/SequenceRecorder/RecordingIndicator.uasset" 183
"../../../Engine/Content/EditorResources/Spline/T_Loft_Spline.uasset" 184
"../../../Engine/Content/EditorSounds/Notifications/CompileFailed.uasset" 185
"../../../Engine/Content/EditorSounds/Notifications/CompileFailed_Cue.uasset" 186
"../../../Engine/Content/EditorSounds/Notifications/CompileSuccess.uasset" 187
"../../../Engine/Content/EditorSounds/Notifications/CompileStart_Cue.uasset" 188
"../../../Engine/Content/EditorSounds/Notifications/CompileSuccess_Cue.uasset" 189
"../../../Engine/Content/EngineDamageTypes/DmgTypeBP_Environmental.uasset" 190
"../../../Engine/Content/EngineDebugMaterials/HeatmapGradient.uasset" 191
"../../../Engine/Content/EngineDebugMaterials/BoneWeightMaterial.uasset" 192
"../../../Engine/Content/EngineDebugMaterials/ClothMaterial.uasset" 193
"../../../Engine/Content/EngineDebugMaterials/ClothMaterial_WF.uasset" 194
"../../../Engine/Content/EngineDebugMaterials/DebugEditorMaterial.uasset" 195
"../../../Engine/Content/EngineDebugMaterials/DebugMeshMaterial.uasset" 196
"../../../Engine/Content/EngineDebugMaterials/GeomMaterial.uasset" 197
"../../../Engine/Content/EngineDebugMaterials/LevelColorationLitMaterial.uasset" 198
"../../../Engine/Content/EngineDebugMaterials/LevelColorationUnlitMaterial.uasset" 199
"../../../Engine/Content/EngineMaterials/DefaultWhiteGrid.uasset" 200
"../../../Engine/Content/EngineDebugMaterials/MAT_LevelColorationLitLightmapUV.uasset" 201
"../../../Engine/Content/EngineDebugMaterials/M_SimpleUnlitTranslucent.uasset" 202
"../../../Engine/Content/Functions/Engine_MaterialFunctions02/Utility/CameraDirectionVector.uasset" 203
"../../../Engine/Content/EngineDebugMaterials/VolumeToRender.uasset" 204
"../../../Engine/Content/EngineDebugMaterials/M_VolumeRenderSphereTracePP.uasset" 205
"../../../Engine/Content/EngineMaterials/DefaultWhiteGrid_Low.uasset" 206
"../../../Engine/Content/EngineDebugMaterials/PhysicalMaterialMaskMaterial.uasset" 207
"../../../Engine/Content/EngineDebugMaterials/ShadedLevelColorationLitMaterial.uasset" 208
"../../../Engine/Content/EngineDebugMaterials/ShadedLevelColorationUnlitMateri.uasset" 209
"../../../Engine/Content/EngineDebugMaterials/VertexColorMaterial.uasset" 210
"../../../Engine/Content/EngineDebugMaterials/VertexColorViewMode_AlphaAsColor.uasset" 211
"../../../Engine/Content/EngineDebugMaterials/VertexColorViewMode_BlueOnly.uasset" 212
"../../../Engine/Content/EngineDebugMaterials/VertexColorViewMode_ColorOnly.uasset" 213
"../../../Engine/Content/EngineDebugMaterials/VertexColorViewMode_GreenOnly.uasset" 214
"../../../Engine/Content/EngineDebugMaterials/VertexColorViewMode_RedOnly.uasset" 215
"../../../Engine/Content/EngineDebugMaterials/WireframeMaterial.uasset" 216
"../../../Engine/Content/EngineFonts/Faces/DroidSansFallback.uasset" 217
"../../../Engine/Content/EngineFonts/Faces/RobotoBold.uasset" 218
"../../../Engine/Content/EngineFonts/Faces/RobotoBoldItalic.uasset" 219
"../../../Engine/Content/EngineFonts/Faces/RobotoItalic.uasset" 220
"../../../Engine/Content/EngineFonts/Faces/RobotoLight.uasset" 221
"../../../Engine/Content/EngineFonts/Faces/RobotoRegular.uasset" 222
"../../../Engine/Content/EngineFonts/Roboto.uasset" 223
"../../../Engine/Content/EngineFonts/Faces/RobotoTiny.uasset" 224
"../../../Engine/Content/EngineFonts/RobotoTiny.uasset" 225
"../../../Engine/Content/EngineFonts/SmallFont.uasset" 226
"../../../Engine/Content/EngineFonts/TinyFont.uasset" 227
"../../../Engine/Content/EngineMaterials/BaseFlattenDiffuseMap.uasset" 228
"../../../Engine/Content/EngineMaterials/BaseFlattenEmissiveMap.uasset" 229
"../../../Engine/Content/EngineMaterials/BaseFlattenGrayscaleMap.uasset" 230
"../../../Engine/Content/EngineMaterials/BaseFlattenNormalMap.uasset" 231
"../../../Engine/Content/EngineMaterials/BaseFlattenMaterial.uasset" 232
"../../../Engine/Content/EngineResources/WhiteSquareTexture.uasset" 233
"../../../Engine/Content/EngineMaterials/BlinkingCaret.uasset" 234
"../../../Engine/Content/EngineMaterials/BlueNoise.uasset" 235
"../../../Engine/Content/EngineMaterials/DefaultBloomKernel.uasset" 236
"../../../Engine/Content/EngineMaterials/DefaultBokeh.uasset" 237
"../../../Engine/Content/EngineMaterials/DefaultDeferredDecalMaterial.uasset" 238
"../../../Engine/Content/EngineMaterials/DefaultLightFunctionMaterial.uasset" 239
"../../../Engine/Content/EngineMaterials/DefaultNormal.uasset" 240
"../../../Engine/Content/EngineMaterials/DefaultPostProcessMaterial.uasset" 241
"../../../Engine/Content/EngineFonts/RobotoDistanceField.uasset" 242
"../../../Engine/Content/EngineMaterials/DefaultTextMaterialOpaque.uasset" 243
"../../../Engine/Content/EngineMaterials/EditorBrushMaterial.uasset" 244
"../../../Engine/Content/EngineMaterials/EmissiveMeshMaterial.uasset" 245
"../../../Engine/Content/EngineMaterials/GizmoMaterial.uasset" 246
"../../../Engine/Content/EngineMaterials/Good64x64TilingNoiseHighFreq.uasset" 247
"../../../Engine/Content/EngineMaterials/Grid_N.uasset" 248
"../../../Engine/Content/EngineMaterials/HighResolutionScreenshotMaskFunction.uasset" 249
"../../../Engine/Content/EngineMaterials/HighResScreenshot.uasset" 250
"../../../Engine/Content/EngineMaterials/HighResScreenshotCaptureRegion.uasset" 251
"../../../Engine/Content/EngineMaterials/HighResScreenshotMask.uasset" 252
"../../../Engine/Content/EngineMaterials/LandscapeHolePhysicalMaterial.uasset" 253
"../../../Engine/Content/EngineMaterials/InvalidLightmapSettings.uasset" 254
"../../../Engine/Content/EngineMaterials/M_InvalidLightmapSettings.uasset" 255
"../../../Engine/Content/EngineMaterials/PaperDiffuse.uasset" 256
"../../../Engine/Content/EngineMaterials/PaperNormal.uasset" 257
"../../../Engine/Content/Functions/Engine_MaterialFunctions02/WorldPositionOffset/CameraOffset.uasset" 258
"../../../Engine/Content/EngineMaterials/PhAT_JointLimitMaterial.uasset" 259
"../../../Engine/Content/EngineMaterials/PhysMat_Rubber.uasset" 260
"../../../Engine/Content/EngineMaterials/PreintegratedSkinBRDF.uasset" 261
"../../../Engine/Content/EngineMaterials/RemoveSurfaceMaterial.uasset" 262
"../../../Engine/Content/EngineMaterials/WeightMapPlaceholderTexture.uasset" 263
"../../../Engine/Content/Functions/Engine_MaterialFunctions01/ImageAdjustment/sRGBToLinear.uasset" 264
"../../../Engine/Content/Functions/Engine_MaterialFunctions02/Utility/BreakOutFloat3Components.uasset" 265
"../../../Engine/Content/EngineMaterials/Widget3DCameraPassThrough_Opaque_OneSided.uasset" 266
"../../../Engine/Content/EngineMaterials/Widget3DPassThrough.uasset" 267
"../../../Engine/Content/EngineMaterials/Widget3DPassThrough_Masked.uasset" 268
"../../../Engine/Content/EngineMaterials/Widget3DPassThrough_Opaque.uasset" 269
"../../../Engine/Content/EngineMaterials/Widget3DPassThrough_Masked_OneSided.uasset" 270
"../../../Engine/Content/EngineMaterials/Widget3DPassThrough_Opaque_OneSided.uasset" 271
"../../../Engine/Content/EngineMaterials/Widget3DPassThrough_Translucent.uasset" 272
"../../../Engine/Content/EngineMaterials/Widget3DPassThrough_Translucent_OneSided.uasset" 273
"../../../Engine/Content/EngineMeshes/Cylinder.uasset" 274
"../../../Engine/Content/EngineMeshes/Sphere.uasset" 275
"../../../Engine/Content/EngineResources/Black.uasset" 276
"../../../Engine/Content/EngineResources/DefaultTexture.uasset" 277
"../../../Engine/Content/EngineResources/DefaultTextureCube.uasset" 278
"../../../Engine/Content/EngineResources/DefaultVolumeTexture2D.uasset" 279
"../../../Engine/Content/EngineResources/DefaultVolumeTexture.uasset" 280
"../../../Engine/Content/EngineResources/GradientTexture0.uasset" 281
"../../../Engine/Content/EngineResources/StreamingPauseIcon.uasset" 282
"../../../Engine/Content/EngineResources/M_StreamingPause.uasset" 283
"../../../Engine/Content/EngineSounds/Master.uasset" 284
"../../../Engine/Content/Functions/Engine_MaterialFunctions01/Shading/PowerToRoughness.uasset" 285
"../../../Engine/Content/Maps/Templates/Thumbnails/Default.uasset" 286
"../../../Engine/Content/Maps/Templates/Thumbnails/TimeOfDay.uasset" 287
"../../../Engine/Content/Maps/Templates/Thumbnails/VR-Basic.uasset" 288
"../../../Engine/Content/MapTemplates/Sky/DaylightAmbientCubemap.uasset" 289
"../../../Engine/Content/MobileResources/T_MobileControls_texture.uasset" 290
"../../../Engine/Content/MobileResources/T_MobileMenu2.uasset" 291
"../../../Engine/Content/MobileResources/HUD/AnalogHat.uasset" 292
"../../../Engine/Content/MobileResources/HUD/VirtualJoystick_Background.uasset" 293
"../../../Engine/Content/MobileResources/HUD/VirtualJoystick_Thumb.uasset" 294
"../../../Engine/Content/MobileResources/HUD/DefaultVirtualJoysticks.uasset" 295
"../../../Engine/Content/MobileResources/HUD/LeftVirtualJoystickOnly.uasset" 296
"../../../Engine/Content/MobileResources/HUD/MobileHUDButton1_off.uasset" 297
"../../../Engine/Content/MobileResources/HUD/MobileHUDButton1_on.uasset" 298
"../../../Engine/Content/MobileResources/HUD/MobileHUDButton2_off.uasset" 299
"../../../Engine/Content/MobileResources/HUD/MobileHUDButton2_on.uasset" 300
"../../../Engine/Content/MobileResources/HUD/MobileHUDButton3.uasset" 301
"../../../Engine/Content/MobileResources/HUD/MobileHUDButtonFire.uasset" 302
"../../../Engine/Content/MobileResources/HUD/MobileHUDDirectionPad.uasset" 303
"../../../Engine/Content/MobileResources/HUD/MobileHUDDirectionPad2.uasset" 304
"../../../Engine/Content/MobileResources/HUD/MobileHUDDirectionPad3.uasset" 305
"../../../Engine/Content/MobileResources/HUD/MobileHUDDirectionStick.uasset" 306
"../../../Engine/Content/MobileResources/HUD/T_Castle_ThumbstickInner.uasset" 307
"../../../Engine/Content/MobileResources/HUD/T_Castle_ThumbstickOutter.uasset" 308
"../../../Engine/Content/Tutorial/ContentIntroCurve.uasset" 309
"../../../Engine/Content/Tutorial/Basics/LevelEditorAttract.uasset" 310
"../../../Engine/Content/Tutorial/Basics/TutorialAssets/icon_tab_Levels_40x.uasset" 311
"../../../Engine/Content/Tutorial/Basics/LevelEditorOverview.uasset" 312
"../../../Engine/Content/Tutorial/BlueprintTutorials/TutorialAssets/Blueprint_64x.uasset" 313
"../../../Engine/Content/Tutorial/BlueprintTutorials/BlueprintEditorTutorial.uasset" 314
"../../../Engine/Content/Tutorial/BlueprintTutorials/TutorialAssets/Tutorial_BP_MacroLib.uasset" 315
"../../../Engine/Content/Tutorial/Foliage/TutorialAssets/Foliage.uasset" 316
"../../../Engine/Content/Tutorial/Foliage/Foliage_Intro_Tutorial.uasset" 317
"../../../Engine/Content/Tutorial/Foliage/Foliage_Settings_Tutorial.uasset" 318
"../../../Engine/Content/Tutorial/Foliage/Foliage_Using_The_Tool_Tutorial.uasset" 319
"../../../Engine/Content/VREditor/LaserPointer/VR_LaserPower_01.uasset" 320
"../../../Engine/Content/VREditor/TransformGizmo/TransformGizmoMaterial.uasset" 321
"../../../Engine/Content/VREditor/TransformGizmo/TranslucentTransformGizmoMaterial.uasset" 322
"../../../Engine/Content/VREditor/TransformGizmo/BoundingBoxCorner.uasset" 323
"../../../Engine/Content/VREditor/TransformGizmo/BoundingBoxEdge.uasset" 324
"../../../Engine/Content/VREditor/TransformGizmo/PlaneTranslationHandle.uasset" 325
"../../../Engine/Content/VREditor/TransformGizmo/Main.uasset" 326
"../../../Engine/Content/VREditor/TransformGizmo/Xray.uasset" 327
"../../../Engine/Content/VREditor/TransformGizmo/SM_Sequencer_Key.uasset" 328
"../../../Engine/Content/VREditor/TransformGizmo/SM_Sequencer_Node.uasset" 329
"D:/Harry Foster CDG Y1 FMP/Spotted-FMP/Content/FirstPersonBP/Blueprints/cam_shake.uasset" 330
"D:/Harry Foster CDG Y1 FMP/Spotted-FMP/Content/FirstPersonBP/Blueprints/sprint_shake.uasset" 331
"D:/Harry Foster CDG Y1 FMP/Spotted-FMP/Content/Widgets/settingsWidget.uasset" 332
"D:/Harry Foster CDG Y1 FMP/Spotted-FMP/Content/FirstPersonBP/Blueprints/FirstPersonCharacter.uasset" 333
"D:/Harry Foster CDG Y1 FMP/Spotted-FMP/Content/Assets/toMainScene.uasset" 334
"../../../Engine/Content/EditorBlueprintResources/StandardMacros.uasset" 335
"../../../Engine/Content/Animation/DefaultAnimBoneCompressionSettings.uasset" 336
"D:/Harry Foster CDG Y1 FMP/Spotted-FMP/Content/Mannequin/Character/Mesh/UE4_Mannequin_Skeleton.uasset" 337
"D:/Harry Foster CDG Y1 FMP/Spotted-FMP/Content/Mannequin/Animations/ThirdPerson_Jump.uasset" 338
"D:/Harry Foster CDG Y1 FMP/Spotted-FMP/Content/Mannequin/Animations/ThirdPersonJump_Loop.uasset" 339
"D:/Harry Foster CDG Y1 FMP/Spotted-FMP/Content/Mannequin/Animations/ThirdPersonJump_Start.uasset" 340
"D:/Harry Foster CDG Y1 FMP/Spotted-FMP/Content/Mannequin/Animations/ThirdPersonIdle.uasset" 341
"D:/Harry Foster CDG Y1 FMP/Spotted-FMP/Content/Audio/footsteps/foostep_attentuation.uasset" 342
"D:/Harry Foster CDG Y1 FMP/Spotted-FMP/Content/Audio/footsteps/footstep_Cue.uasset" 343
"D:/Harry Foster CDG Y1 FMP/Spotted-FMP/Content/Mannequin/Animations/ThirdPersonRun.uasset" 344
"D:/Harry Foster CDG Y1 FMP/Spotted-FMP/Content/Mannequin/Animations/ThirdPersonWalk.uasset" 345
"D:/Harry Foster CDG Y1 FMP/Spotted-FMP/Content/Mannequin/Animations/ThirdPerson_IdleRun_2D.uasset" 346
"D:/Harry Foster CDG Y1 FMP/Spotted-FMP/Content/Mannequin/Animations/ThirdPerson_AnimBP.uasset" 347
"D:/Harry Foster CDG Y1 FMP/Spotted-FMP/Content/NPC/NPC_BB.uasset" 348
"D:/Harry Foster CDG Y1 FMP/Spotted-FMP/Content/NPC/changeNPCSpeed.uasset" 349
"D:/Harry Foster CDG Y1 FMP/Spotted-FMP/Content/NPC/chasePlayer.uasset" 350
"D:/Harry Foster CDG Y1 FMP/Spotted-FMP/Content/NPC/decrementPathIndex.uasset" 351
"D:/Harry Foster CDG Y1 FMP/Spotted-FMP/Content/NPC/patrolPath.uasset" 352
"D:/Harry Foster CDG Y1 FMP/Spotted-FMP/Content/NPC/findPathPoint.uasset" 353
"D:/Harry Foster CDG Y1 FMP/Spotted-FMP/Content/NPC/findPlayerLocation.uasset" 354
"D:/Harry Foster CDG Y1 FMP/Spotted-FMP/Content/NPC/incrementPathIndex.uasset" 355
"D:/Harry Foster CDG Y1 FMP/Spotted-FMP/Content/NPC/loopPath.uasset" 356
"D:/Harry Foster CDG Y1 FMP/Spotted-FMP/Content/NPC/NPC_BT.uasset" 357
"D:/Harry Foster CDG Y1 FMP/Spotted-FMP/Content/NPC/NPC_AI.uasset" 358
"../../../Engine/Content/Functions/Engine_MaterialFunctions02/Utility/BlendAngleCorrectedNormals.uasset" 359
"../../../Engine/Content/Functions/MaterialLayerFunctions/MatLayerBlend_NormalBlend.uasset" 360
"../../../Engine/Content/Functions/MaterialLayerFunctions/MatLayerBlend_Simple.uasset" 361
"D:/Harry Foster CDG Y1 FMP/Spotted-FMP/Content/Mannequin/Character/Materials/MaterialLayers/T_ML_Rubber_Blue_01_D.uasset" 362
"D:/Harry Foster CDG Y1 FMP/Spotted-FMP/Content/Mannequin/Character/Materials/MaterialLayers/T_ML_Rubber_Blue_01_N.uasset" 363
"D:/Harry Foster CDG Y1 FMP/Spotted-FMP/Content/Mannequin/Character/Materials/MaterialLayers/ML_GlossyBlack_Latex_UE4.uasset" 364
"D:/Harry Foster CDG Y1 FMP/Spotted-FMP/Content/Mannequin/Character/Materials/MaterialLayers/ML_Plastic_Shiny_Beige.uasset" 365
"D:/Harry Foster CDG Y1 FMP/Spotted-FMP/Content/Mannequin/Character/Textures/UE4_LOGO_CARD.uasset" 366
"D:/Harry Foster CDG Y1 FMP/Spotted-FMP/Content/Mannequin/Character/Materials/MaterialLayers/ML_Plastic_Shiny_Beige_LOGO.uasset" 367
"D:/Harry Foster CDG Y1 FMP/Spotted-FMP/Content/Mannequin/Character/Materials/MaterialLayers/T_ML_Aluminum01.uasset" 368
"D:/Harry Foster CDG Y1 FMP/Spotted-FMP/Content/Mannequin/Character/Materials/MaterialLayers/T_ML_Aluminum01_N.uasset" 369
"D:/Harry Foster CDG Y1 FMP/Spotted-FMP/Content/Mannequin/Character/Materials/MaterialLayers/ML_SoftMetal_UE4.uasset" 370
"D:/Harry Foster CDG Y1 FMP/Spotted-FMP/Content/Mannequin/Character/Textures/UE4_Mannequin__normals.uasset" 371
"D:/Harry Foster CDG Y1 FMP/Spotted-FMP/Content/Mannequin/Character/Textures/UE4_Mannequin_MAT_MASKA.uasset" 372
"D:/Harry Foster CDG Y1 FMP/Spotted-FMP/Content/Mannequin/Character/Materials/M_UE4Man_Body.uasset" 373
"D:/Harry Foster CDG Y1 FMP/Spotted-FMP/Content/Mannequin/Character/Textures/UE4Man_Logo_N.uasset" 374
"D:/Harry Foster CDG Y1 FMP/Spotted-FMP/Content/Mannequin/Character/Materials/M_UE4Man_ChestLogo.uasset" 375
"D:/Harry Foster CDG Y1 FMP/Spotted-FMP/Content/Mannequin/Character/Mesh/SK_Mannequin_PhysicsAsset.uasset" 376
"D:/Harry Foster CDG Y1 FMP/Spotted-FMP/Content/Mannequin/Character/Mesh/SK_Mannequin.uasset" 377
"D:/Harry Foster CDG Y1 FMP/Spotted-FMP/Content/NPC/NPC.uasset" 378
"D:/Harry Foster CDG Y1 FMP/Spotted-FMP/Content/textures/door_BaseColor.uasset" 379
"D:/Harry Foster CDG Y1 FMP/Spotted-FMP/Content/textures/doorMat.uasset" 380
"D:/Harry Foster CDG Y1 FMP/Spotted-FMP/Content/Assets/Interactive/models/door.uasset" 381
"D:/Harry Foster CDG Y1 FMP/Spotted-FMP/Content/Widgets/doorUIWidget.uasset" 382
"D:/Harry Foster CDG Y1 FMP/Spotted-FMP/Content/Assets/Interactive/doorBP.uasset" 383
"D:/Harry Foster CDG Y1 FMP/Spotted-FMP/Content/StarterContent/Materials/M_Glass.uasset" 384
"D:/Harry Foster CDG Y1 FMP/Spotted-FMP/Content/Assets/Static/models/balcony_balconyglass.uasset" 385
"D:/Harry Foster CDG Y1 FMP/Spotted-FMP/Content/Assets/Static/models/balcony_pCylinder1.uasset" 386
"D:/Harry Foster CDG Y1 FMP/Spotted-FMP/Content/Assets/Static/balconyBarrier.uasset" 387
"D:/Harry Foster CDG Y1 FMP/Spotted-FMP/Content/Audio/spacial/fireAttenuation.uasset" 388
"D:/Harry Foster CDG Y1 FMP/Spotted-FMP/Content/StarterContent/Audio/Fire01.uasset" 389
"D:/Harry Foster CDG Y1 FMP/Spotted-FMP/Content/StarterContent/Audio/Fire01_Cue.uasset" 390
"D:/Harry Foster CDG Y1 FMP/Spotted-FMP/Content/StarterContent/Textures/T_Fire_SubUV.uasset" 391
"D:/Harry Foster CDG Y1 FMP/Spotted-FMP/Content/StarterContent/Textures/T_Fire_Tiled_D.uasset" 392
"D:/Harry Foster CDG Y1 FMP/Spotted-FMP/Content/StarterContent/Particles/Materials/M_Fire_SubUV.uasset" 393
"D:/Harry Foster CDG Y1 FMP/Spotted-FMP/Content/StarterContent/Textures/T_Water_N.uasset" 394
"D:/Harry Foster CDG Y1 FMP/Spotted-FMP/Content/StarterContent/Particles/Materials/M_Heat_Distortion.uasset" 395
"../../../Engine/Content/Functions/Engine_MaterialFunctions01/Gradient/RadialGradient.uasset" 396
"D:/Harry Foster CDG Y1 FMP/Spotted-FMP/Content/StarterContent/Particles/Materials/M_Radial_Gradient.uasset" 397
"D:/Harry Foster CDG Y1 FMP/Spotted-FMP/Content/StarterContent/Textures/T_Smoke_SubUV.uasset" 398
"D:/Harry Foster CDG Y1 FMP/Spotted-FMP/Content/StarterContent/Textures/T_Smoke_Tiled_D.uasset" 399
"D:/Harry Foster CDG Y1 FMP/Spotted-FMP/Content/StarterContent/Particles/Materials/M_smoke_subUV.uasset" 400
"D:/Harry Foster CDG Y1 FMP/Spotted-FMP/Content/StarterContent/Particles/P_Fire.uasset" 401
"D:/Harry Foster CDG Y1 FMP/Spotted-FMP/Content/Assets/Static/firePit.uasset" 402
"D:/Harry Foster CDG Y1 FMP/Spotted-FMP/Content/Assets/Static/models/chair.uasset" 403
"D:/Harry Foster CDG Y1 FMP/Spotted-FMP/Content/Assets/Static/models/texture.uasset" 404
"D:/Harry Foster CDG Y1 FMP/Spotted-FMP/Content/Assets/Static/models/woodFurnitureMat.uasset" 405
"D:/Harry Foster CDG Y1 FMP/Spotted-FMP/Content/Audio/footsteps/footstep1.uasset" 406
"D:/Harry Foster CDG Y1 FMP/Spotted-FMP/Content/Audio/footsteps/footstep10.uasset" 407
"D:/Harry Foster CDG Y1 FMP/Spotted-FMP/Content/Audio/footsteps/footstep2.uasset" 408
"D:/Harry Foster CDG Y1 FMP/Spotted-FMP/Content/Audio/footsteps/footstep3.uasset" 409
"D:/Harry Foster CDG Y1 FMP/Spotted-FMP/Content/Audio/footsteps/footstep4.uasset" 410
"D:/Harry Foster CDG Y1 FMP/Spotted-FMP/Content/Audio/footsteps/footstep5.uasset" 411
"D:/Harry Foster CDG Y1 FMP/Spotted-FMP/Content/Audio/footsteps/footstep6.uasset" 412
"D:/Harry Foster CDG Y1 FMP/Spotted-FMP/Content/Audio/footsteps/footstep7.uasset" 413
"D:/Harry Foster CDG Y1 FMP/Spotted-FMP/Content/Audio/footsteps/footstep8.uasset" 414
"D:/Harry Foster CDG Y1 FMP/Spotted-FMP/Content/Audio/footsteps/footstep9.uasset" 415
"D:/Harry Foster CDG Y1 FMP/Spotted-FMP/Content/Audio/spacial/windAttenuation.uasset" 416
"D:/Harry Foster CDG Y1 FMP/Spotted-FMP/Content/StarterContent/Audio/Starter_Wind06.uasset" 417
"D:/Harry Foster CDG Y1 FMP/Spotted-FMP/Content/Audio/spacial/wind_cue.uasset" 418
"D:/Harry Foster CDG Y1 FMP/Spotted-FMP/Content/FirstPersonBP/Maps/startLevel_BuiltData.uasset" 419
"../../../Engine/Content/Animation/DefaultAnimCurveCompressionSettings.uasset" 420
"../../../Engine/Content/ArtTools/RenderToTexture/Enums/RenderToTexture_Enum.uasset" 421
"../../../Engine/Content/ArtTools/RenderToTexture/Enums/RenderToTexture_Flipbook_Enum.uasset" 422
"../../../Engine/Content/ArtTools/RenderToTexture/Enums/RenderToTexture_Imposter_Enum.uasset" 423
"../../../Engine/Content/ArtTools/RenderToTexture/Enums/EIntTypes.uasset" 424
"../../../Engine/Content/ArtTools/RenderToTexture/Macros/RenderToTextureFunctionLibrary.uasset" 425
"../../../Engine/Content/ArtTools/RenderToTexture/Enums/EFloatTypes.uasset" 426
"../../../Engine/Content/ArtTools/RenderToTexture/Macros/RenderToTextureMacros.uasset" 427
"D:/Harry Foster CDG Y1 FMP/Spotted-FMP/Content/Widgets/controlsWidget.uasset" 428
"D:/Harry Foster CDG Y1 FMP/Spotted-FMP/Content/Widgets/DeathScreenBluePrint.uasset" 429
"D:/Harry Foster CDG Y1 FMP/Spotted-FMP/Content/Widgets/interactWidget.uasset" 430
"D:/Harry Foster CDG Y1 FMP/Spotted-FMP/Content/Widgets/fonts/Mermaid1001.uasset" 431
"D:/Harry Foster CDG Y1 FMP/Spotted-FMP/Content/Widgets/fonts/Mermaid1001_Font.uasset" 432
"D:/Harry Foster CDG Y1 FMP/Spotted-FMP/Content/Widgets/introWidget.uasset" 433
"D:/Harry Foster CDG Y1 FMP/Spotted-FMP/Content/Widgets/loadingWidget.uasset" 434
"D:/Harry Foster CDG Y1 FMP/Spotted-FMP/Content/Widgets/menu/titleScreenWidget.uasset" 435
"../../Plugins/2D/Paper2D/Content/PlaceholderTextures/DummySpriteTexture.uasset" 436
"../../Plugins/2D/Paper2D/Content/DummySprite.uasset" 437
"../../Plugins/2D/Paper2D/Content/DefaultPaperTerrainMaterial.uasset" 438
"../../Plugins/2D/Paper2D/Content/DefaultSpriteMaterial.uasset" 439
"../../Plugins/2D/Paper2D/Content/MaskedUnlitSpriteMaterial.uasset" 440
"../../Plugins/2D/Paper2D/Content/OpaqueUnlitSpriteMaterial.uasset" 441
"../../Plugins/FX/Niagara/Content/Enums/ENiagaraAnimTrailWidthMode.uasset" 442
"../../Plugins/FX/Niagara/Content/Enums/ENiagaraBoneSamplingMode.uasset" 443
"../../Plugins/FX/Niagara/Content/Enums/ENiagaraBoneSocketSamplingMode.uasset" 444
"../../Plugins/FX/Niagara/Content/Enums/ENiagaraBooleanLogicOps.uasset" 445
"../../Plugins/FX/Niagara/Content/Enums/ENiagaraBooleanLogicOps_v2.uasset" 446
"../../Plugins/FX/Niagara/Content/Enums/ENiagaraCalculateRadiusOptions.uasset" 447
"../../Plugins/FX/Niagara/Content/Enums/ENiagaraChannelCorrelation.uasset" 448
"../../Plugins/FX/Niagara/Content/Enums/ENiagaraCollisionRadiusOptions.uasset" 449
"../../Plugins/FX/Niagara/Content/Enums/ENiagaraCoordinateSpace.uasset" 450
"../../Plugins/FX/Niagara/Content/Enums/ENiagaraCurlNoiseQuality.uasset" 451
"../../Plugins/FX/Niagara/Content/Enums/ENiagaraEmitterLifeCycleMode.uasset" 452
"../../Plugins/FX/Niagara/Content/Enums/ENiagaraEmitterScalabilityMode.uasset" 453
"../../Plugins/FX/Niagara/Content/Enums/ENiagaraEmitterScalabilityMode_Limited.uasset" 454
"../../Plugins/FX/Niagara/Content/Enums/ENiagaraExecutionStateManagement.uasset" 455
"../../Plugins/FX/Niagara/Content/Enums/ENiagaraExpansionMode.uasset" 456
"../../Plugins/FX/Niagara/Content/Enums/ENiagaraFrictionMergeType.uasset" 457
"../../Plugins/FX/Niagara/Content/Enums/ENiagaraGPUDepthResponseType.uasset" 458
"../../Plugins/FX/Niagara/Content/Enums/ENiagaraGridPlacementType.uasset" 459
"../../Plugins/FX/Niagara/Content/Enums/ENiagaraInactiveMode.uasset" 460
"../../Plugins/FX/Niagara/Content/Enums/ENiagaraKillVolumeOptions.uasset" 461
"../../Plugins/FX/Niagara/Content/Enums/ENiagaraLinearColor_Channels.uasset" 462
"../../Plugins/FX/Niagara/Content/Enums/ENiagaraMassByVolume.uasset" 463
"../../Plugins/FX/Niagara/Content/Enums/ENiagaraMassCalculationForRendererTypes.uasset" 464
"../../Plugins/FX/Niagara/Content/Enums/ENiagaraMeshOrSprite.uasset" 465
"../../Plugins/FX/Niagara/Content/Enums/ENiagaraMeshSamplingMode.uasset" 466
"../../Plugins/FX/Niagara/Content/Enums/ENiagaraMeshSurfaceSamplingMode.uasset" 467
"../../Plugins/FX/Niagara/Content/Enums/ENiagaraMeshTransforms.uasset" 468
"../../Plugins/FX/Niagara/Content/Enums/ENiagaraMinOrMax.uasset" 469
"../../Plugins/FX/Niagara/Content/Enums/ENiagaraOrientationAxis.uasset" 470
"../../Plugins/FX/Niagara/Content/Enums/ENiagaraRandomnessMode.uasset" 471
"../../Plugins/FX/Niagara/Content/Enums/ENiagaraRestitutionMergeType.uasset" 472
"../../Plugins/FX/Niagara/Content/Enums/ENiagaraScaleColorMode.uasset" 473
"../../Plugins/FX/Niagara/Content/Enums/ENiagaraSimulationTarget.uasset" 474
"../../Plugins/FX/Niagara/Content/Enums/ENiagaraSkeletalSpawning.uasset" 475
"../../Plugins/FX/Niagara/Content/Enums/ENiagaraSkelSamplingFilteringMode.uasset" 476
"../../Plugins/FX/Niagara/Content/Enums/ENiagaraSkelSamplingModeFull.uasset" 477
"../../Plugins/FX/Niagara/Content/Enums/ENiagaraSocketSamplingMode.uasset" 478
"../../Plugins/FX/Niagara/Content/Enums/ENiagaraSUbUVAnimationMode.uasset" 479
"../../Plugins/FX/Niagara/Content/Enums/ENiagaraSystemInactiveMode.uasset" 480
"../../Plugins/FX/Niagara/Content/Enums/ENiagaraTorusDistributionMode.uasset" 481
"../../Plugins/FX/Niagara/Content/Enums/ENiagaraTorusMode.uasset" 482
"../../Plugins/FX/Niagara/Content/Enums/ENiagaraTriangleSamplingMode.uasset" 483
"../../Plugins/FX/Niagara/Content/Enums/ENiagaraVector2_Channels.uasset" 484
"../../Plugins/FX/Niagara/Content/Enums/ENiagaraVector3_Channels.uasset" 485
"../../Plugins/FX/Niagara/Content/Enums/ENiagaraVector4_Channels.uasset" 486
"../../Plugins/FX/Niagara/Content/Enums/ENiagaraVertexFilteringMode.uasset" 487
"../../Plugins/FX/Niagara/Content/Enums/ENiagaraVertexSamplingMode.uasset" 488
"../../Plugins/FX/Niagara/Content/Enums/ENiagara_CameraMeshOrientation.uasset" 489
"../../Plugins/FX/Niagara/Content/Enums/ENiagara_CameraProperties.uasset" 490
"../../Plugins/FX/Niagara/Content/Enums/ENiagara_CollisionType.uasset" 491
"../../Plugins/FX/Niagara/Content/Enums/ENiagara_CPUCollisionType.uasset" 492
"../../Plugins/FX/Niagara/Content/Enums/ENiagara_EmitterStateOptions.uasset" 493
"../../Plugins/FX/Niagara/Content/Enums/ENiagara_Float4Channel.uasset" 494
"../../Plugins/FX/Niagara/Content/Enums/ENiagara_GPUCollisionType.uasset" 495
"../../Plugins/FX/Niagara/Content/Enums/ENiagara_InfiniteLoopDuration.uasset" 496
"../../Plugins/FX/Niagara/Content/Icons/S_ParticleSystem.uasset" 497
"../../../Engine/Content/Functions/Engine_MaterialFunctions02/Utility/BreakOutFloat4Components.uasset" 498
"../../Plugins/Runtime/Oculus/OculusVR/Content/Materials/OculusMR_ChromaKey.uasset" 499
"../../Plugins/Runtime/Oculus/OculusVR/Content/Materials/OculusMR_ChromaKey_Lit.uasset" 500
"../../Plugins/Runtime/Oculus/OculusVR/Content/Materials/OculusMR_OpaqueColoredMaterial.uasset" 501
"../../Plugins/Runtime/Oculus/OculusVR/Content/Materials/OculusMR_WhiteMaterial.uasset" 502
"../../../Engine/Content/Maps/Entry_BuiltData.uasset" 503
"../../../Engine/Content/Maps/Entry.umap" 504
"../../../Engine/Content/EngineSky/C_Sky_Cloud_Color.uasset" 505
"../../../Engine/Content/EngineSky/C_Sky_Horizon_Color.uasset" 506
"../../../Engine/Content/EngineSky/C_Sky_Zenith_Color.uasset" 507
"../../../Engine/Content/EngineSky/T_Sky_Blue.uasset" 508
"../../../Engine/Content/EngineSky/T_Sky_Clouds_M.uasset" 509
"../../../Engine/Content/EngineSky/T_Sky_Stars.uasset" 510
"../../../Engine/Content/EngineSky/M_Sky_Panning_Clouds2.uasset" 511
"../../../Engine/Content/EngineSky/SM_SkySphere.uasset" 512
"../../../Engine/Content/EngineSky/BP_Sky_Sphere.uasset" 513
"D:/Harry Foster CDG Y1 FMP/Spotted-FMP/Content/FirstPersonBP/Blueprints/FirstPersonGameMode.uasset" 514
"../../../Engine/Content/BasicShapes/BasicShapeMaterial.uasset" 515
"../../../Engine/Content/BasicShapes/Cube.uasset" 516
"D:/Harry Foster CDG Y1 FMP/Spotted-FMP/Content/FirstPersonBP/Maps/mainLevel.umap" 517
